Requirement already satisfied: PyNaCl in ./venv/lib/python3.14/site-packages (1.5.0)
Requirement already satisfied: SpeechRecognition in ./venv/lib/python3.14/site-packages (3.14.5)
Requirement already satisfied: edge-tts in ./venv/lib/python3.14/site-packages (7.2.7)
Requirement already satisfied: pyttsx3 in ./venv/lib/python3.14/site-packages (2.99)
Requirement already satisfied: pyaudio in ./venv/lib/python3.14/site-packages (0.2.14)
Requirement already satisfied: cffi>=1.4.1 in ./venv/lib/python3.14/site-packages (from PyNaCl) (2.0.0)
Requirement already satisfied: typing-extensions in ./venv/lib/python3.14/site-packages (from SpeechRecognition) (4.15.0)
Requirement already satisfied: standard-aifc in ./venv/lib/python3.14/site-packages (from SpeechRecognition) (3.13.0)
Requirement already satisfied: audioop-lts in ./venv/lib/python3.14/site-packages (from SpeechRecognition) (0.2.2)
Requirement already satisfied: aiohttp<4.0.0,>=3.8.0 in ./venv/lib/python3.14/site-packages (from edge-tts) (3.13.3)
Requirement already satisfied: certifi>=2023.11.17 in ./venv/lib/python3.14/site-packages (from edge-tts) (2026.1.4)
Requirement already satisfied: tabulate<1.0.0,>=0.4.4 in ./venv/lib/python3.14/site-packages (from edge-tts) (0.9.0)
Requirement already satisfied: aiohappyeyeballs>=2.5.0 in ./venv/lib/python3.14/site-packages (from aiohttp<4.0.0,>=3.8.0->edge-tts) (2.6.1)
Requirement already satisfied: aiosignal>=1.4.0 in ./venv/lib/python3.14/site-packages (from aiohttp<4.0.0,>=3.8.0->edge-tts) (1.4.0)
Requirement already satisfied: attrs>=17.3.0 in ./venv/lib/python3.14/site-packages (from aiohttp<4.0.0,>=3.8.0->edge-tts) (25.4.0)
Requirement already satisfied: frozenlist>=1.1.1 in ./venv/lib/python3.14/site-packages (from aiohttp<4.0.0,>=3.8.0->edge-tts) (1.8.0)
Requirement already satisfied: multidict<7.0,>=4.5 in ./venv/lib/python3.14/site-packages (from aiohttp<4.0.0,>=3.8.0->edge-tts) (6.7.1)
Requirement already satisfied: propcache>=0.2.0 in ./venv/lib/python3.14/site-packages (from aiohttp<4.0.0,>=3.8.0->edge-tts) (0.4.1)
Requirement already satisfied: yarl<2.0,>=1.17.0 in ./venv/lib/python3.14/site-packages (from aiohttp<4.0.0,>=3.8.0->edge-tts) (1.22.0)
Requirement already satisfied: idna>=2.0 in ./venv/lib/python3.14/site-packages (from yarl<2.0,>=1.17.0->aiohttp<4.0.0,>=3.8.0->edge-tts) (3.11)
Requirement already satisfied: pycparser in ./venv/lib/python3.14/site-packages (from cffi>=1.4.1->PyNaCl) (3.0)
Requirement already satisfied: standard-chunk in ./venv/lib/python3.14/site-packages (from standard-aifc->SpeechRecognition) (3.13.0)
